make all --print-data-base --no-builtin-variables --no-builtin-rules --question
# GNU Make 3.81
# Copyright (C) 2006  Free Software Foundation, Inc.
# This is free software; see the source for copying conditions.
# There is NO warranty; not even for MERCHANTABILITY or FITNESS FOR A
# PARTICULAR PURPOSE.

# This program built for i386-apple-darwin11.3.0

# Make data base, printed on Fri Nov 25 06:49:18 2022

# Variables

# automatic
<D = $(patsubst %/,%,$(dir $<))
# automatic
?F = $(notdir $?)
# environment
SUBSCRIPTION_STRIPE_ID_YEARLY = plan_HGxEKcdAtOxXKM
# environment
AWS_SECRET_ACCESS_KEY = vgQMPh49mnTvP+iMl22DXIzRB0ZmDUZLE0aVqVNz
# environment
LC_CTYPE = en_US.UTF-8
# environment
INFLUXDB_TOKEN = 57oz3ZDC_-bF6nrGFDpDyBY0RhVxDhfNKI69SQtesKOsj_Xnx4gdF8NOuFEVsT8Q01CqaFeBKjLTOHNe3PCFTg==
# automatic
?D = $(patsubst %/,%,$(dir $?))
# environment
BITBUCKET_PASSWORD = ekg1008m
# automatic
@D = $(patsubst %/,%,$(dir $@))
# automatic
@F = $(notdir $@)
# default
MAKE_VERSION := 3.81
# makefile
CURDIR := /Users/mgimenez-peterson/Dev/github.com/earthytonez/monorepo
# makefile
SHELL = /bin/sh
# environment
VSCODE_NLS_CONFIG = {"locale":"en-us","availableLanguages":{},"_languagePackSupport":true}
# environment
_ = /usr/bin/make
# environment
SUBSCRIPTION_STRIPE_ID_MONTHLY = plan_HGxEQFeG8XZhSX
# environment
MONGO_URL = mongodb://127.0.0.1:27017/CharSheet
# environment
GITHUB_TOKEN = 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
# makefile
MAKEFILE_LIST := 
# environment
GITLAB_USERNAME = mikkergp
# environment
__CFBundleIdentifier = com.microsoft.VSCode
# environment
GITLAB_PA_TOKEN = VLw5zKDmsrW42oVwfzqK
# environment
GOOGLE_CLIENT_ID = 748977663392-4umlj0dddptjgue8hc1thiui2cjt1pfr.apps.googleusercontent.com
# environment
VSCODE_CWD = /
# environment
PATH = /Users/mgimenez-peterson/Library/pnpm:/bin:/bin:/usr/local/bin:/usr/bin:/bin:/usr/sbin:/sbin:/opt/X11/bin:/Library/Apple/usr/bin:/Applications/VMware Fusion Tech Preview.app/Contents/Public:/usr/local/go/bin:/usr/local/opt/python/libexec/bin:/Users/mgimenez-peterson/go/bin:/Users/mgimenez-peterson/.cargo/bin:/usr/local/Cellar/node/16.1.0/bin:/Users/mgimenez-peterson/.rvm/bin
# environment
IYF_INTEGRATIONS_API_KEY = MwfisC7g2MH8nrgF9WzsAQGXGfGyMKtpowLrRr4ykpbJTDzTGMTufvnewnLnLoXs
# environment
PNPM_HOME = /Users/mgimenez-peterson/Library/pnpm
# environment
IYF_WEB_URL = http://localhost:3000
# environment
GOPATH = /Users/mgimenez-peterson/go/
# environment
ELECTRON_RUN_AS_NODE = 1
# environment
GITHUB_USERNAME = mikkergimenez@gmail.com
# environment
GOOGLE_CLIENT_SECRET = apiAublJRi3ab5AfkRVgr8tD
# default
.FEATURES := target-specific order-only second-expansion else-if archives jobserver check-symlink
# environment
rvm_ruby_string = system
# environment
SSH_AUTH_SOCK = /private/tmp/com.apple.launchd.5ttb9em2sz/Listeners
# environment
STRIPE_PRODUCT_ID = prod_HGxDhC2uhw7c6T
# automatic
%F = $(notdir $%)
# environment
DISPLAY = /private/tmp/com.apple.launchd.4wtZ3twAfa/org.macosforge.xquartz:0
# environment
rvm_bin_path = /Users/mgimenez-peterson/.rvm/bin
# environment
PWD = /Users/mgimenez-peterson/Dev/github.com/earthytonez/monorepo
# environment
JWT_SECRET = MY_JWT_SUPER_SECRET
# environment
ORIGINAL_XDG_CURRENT_DESKTOP = undefined
# environment
IYF_INTEGRATIONS_URL = http://localhost:8082
# environment
VSCODE_AMD_ENTRYPOINT = vs/workbench/api/node/extensionHostProcess
# environment
HOME = /Users/mgimenez-peterson
# default
MAKEFILEPATH := /Applications/Xcode.app/Contents/Developer/Makefiles
# environment
VSCODE_CODE_CACHE_PATH = /Users/mgimenez-peterson/Library/Application Support/Code/CachedData/8fa188b2b301d36553cbc9ce1b0a146ccb93351f
# environment
LOGNAME = mgimenez-peterson
# environment
APPLICATION_INSIGHTS_NO_DIAGNOSTIC_CHANNEL = 1
# environment
GRAFANA_CLOUD_API_KEY = eyJrIjoiYmEyNTY0YzY0MWIxZWQzZjkxNjFmMjk5NTRkMGQyMWRiYmFlYTQ3MyIsIm4iOiJNb2RxdWl6IEFQSSBLZXkiLCJpZCI6MzkyNTI2fQ==
# environment
VSCODE_HANDLES_UNCAUGHT_ERRORS = true
# environment
rvm_path = /Users/mgimenez-peterson/.rvm
# automatic
^D = $(patsubst %/,%,$(dir $^))
# environment
IYF_API_KEY = 72c7eff4b53f44df2e2d0b7fef9cc9015f921bce08b6abdb944c598aa80030670a6be69bbdb0d331
# environment
MANDILL_API_KEY = iqA0nrCC1AjpXuChx4kE1A
# environment
MAKELEVEL := 0
# environment
GEM_PATH = 
# environment
XPC_FLAGS = 0x0
# environment
SLACK_TOKEN = xoxp-2794753830-2794753832-216349863555-18053525161c1fd26251f262a011010a
# default
MAKE = $(MAKE_COMMAND)
# default
MAKECMDGOALS := all
# environment
DOCKER_REGISTRY = 853691203509.dkr.ecr.us-east-1.amazonaws.com
# environment
SHLVL = 2
# environment
BASE_URL = http://localhost:8080
# environment
USER = mgimenez-peterson
# makefile
.DEFAULT_GOAL := 
# environment
STRIPE_PUBLIC_KEY = pk_test_Cn7aDMsYdCcGkGEJoLm07NH3
# environment
GOROOT = /usr/local/go
# environment
rvm_version = 1.29.3 master
# automatic
%D = $(patsubst %/,%,$(dir $%))
# environment
AWS_ACCESS_KEY_ID = AKIAJHXIHGLY5QY4U4AQ
# environment
REACT_APP_GOOGLE_CLIENT_ID = 748977663392-4umlj0dddptjgue8hc1thiui2cjt1pfr.apps.googleusercontent.com
# environment
GITHUB_PASSWORD = 8.?MW3Xu6T47
# default
MAKE_COMMAND := /Applications/Xcode.app/Contents/Developer/usr/bin/make
# environment
rvm_delete_flag = 0
# default
.VARIABLES := 
# environment
TMPDIR = /var/folders/7f/l56r4mdj3bsbnm2hrg4cgl5r0000gn/T/
# automatic
*F = $(notdir $*)
# environment
VSCODE_IPC_HOOK = /Users/mgimenez-peterson/Library/Application Support/Code/1.73.0-main.sock
# environment
MallocNanoZone = 0
# makefile
MAKEFLAGS = Rrqp
# environment
MFLAGS = -Rrqp
# automatic
*D = $(patsubst %/,%,$(dir $*))
# environment
XPC_SERVICE_NAME = application.com.microsoft.VSCode.32629206.32629212
# automatic
+D = $(patsubst %/,%,$(dir $+))
# environment
BITBUCKET_USERNAME = mikkergp
# automatic
+F = $(notdir $+)
# environment
CONSTITUTION_S3_URL = s3://constitution.lrner.io/
# environment
NOMAD_ADDR = http://edge0.kbrns.tae.io:4646
# environment
SLACK_HOOK_URL = https://hooks.slack.com/services/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
# environment
GREMLIN_TEAM_ID = 727c044a-8c7e-5b1e-9dca-5af7f8956e20
# environment
__CF_USER_TEXT_ENCODING = 0x1F5:0x0:0x0
# environment
COMMAND_MODE = unix2003
# default
MAKEFILES := 
# automatic
<F = $(notdir $<)
# environment
LC_ALL = C
# environment
BASE_API_URL = http://localhost:8080/api/1
# automatic
^F = $(notdir $^)
# environment
rvm_prefix = /Users/mgimenez-peterson
# default
SUFFIXES := 
# environment
STRIPE_PRIVATE_KEY = sk_test_j53AAZSHlQ1Qqg4C7CGT9C2d
# default
.INCLUDE_DIRS = /usr/local/include
# environment
GREMLIN_TEAM_SECRET = 2ea829ba-6e5a-49e3-a829-ba6e5ab9e380k
# environment
LANG = C
# environment
VSCODE_PID = 50749
# variable set hash-table stats:
# Load=105/1024=10%, Rehash=0, Collisions=9/126=7%

# Pattern-specific Variable Values

# No pattern-specific variable values.

# Directories

# . (device 16777230, inode 31190529): 16 files, no impossibilities.

# 16 files, no impossibilities in 1 directories.

# Implicit Rules

# No implicit rules.

# Files

# Not a target:
all:
#  Command-line target.
#  Implicit rule search has been done.
#  File does not exist.
#  File has not been updated.
# variable set hash-table stats:
# Load=0/32=0%, Rehash=0, Collisions=0/0=0%

# Not a target:
.SUFFIXES:
#  Implicit rule search has not been done.
#  Modification time never checked.
#  File has not been updated.

# Not a target:
Makefile:
#  A default, MAKEFILES, or -include/sinclude makefile.
#  Implicit rule search has been done.
#  File does not exist.
#  File has been updated.
#  Failed to be updated.
# variable set hash-table stats:
# Load=0/32=0%, Rehash=0, Collisions=0/0=0%

# Not a target:
makefile:
#  A default, MAKEFILES, or -include/sinclude makefile.
#  Implicit rule search has been done.
#  File does not exist.
#  File has been updated.
#  Failed to be updated.
# variable set hash-table stats:
# Load=0/32=0%, Rehash=0, Collisions=0/0=0%

# Not a target:
.DEFAULT:
#  Implicit rule search has not been done.
#  Modification time never checked.
#  File has not been updated.

# Not a target:
GNUmakefile:
#  A default, MAKEFILES, or -include/sinclude makefile.
#  Implicit rule search has been done.
#  File does not exist.
#  File has been updated.
 
make: *** No rule to make target `all'.  Stop.

#  Failed to be updated.
# variable set hash-table stats:
# Load=0/32=0%, Rehash=0, Collisions=0/0=0%

# files hash-table stats:
# Load=6/1024=1%, Rehash=0, Collisions=0/17=0%
# VPATH Search Paths

# No `vpath' search paths.

# No general (`VPATH' variable) search path.

# # of strings in strcache: 0
# # of strcache buffers: 0
# strcache size: total = 0 / max = 0 / min = 4096 / avg = 0
# strcache free: total = 0 / max = 0 / min = 4096 / avg = 0

# Finished Make data base on Fri Nov 25 06:49:18 2022

 
